  [1m[35m (0.0ms)[0m  [1m[35mCREATE TABLE "schema_migrations" ("version" varchar NOT NULL PRIMARY KEY)[0m
  [1m[35m (0.0ms)[0m  [1m[35mCREATE TABLE "ar_internal_metadata" ("key" varchar NOT NULL PRIMARY KEY, "value" varchar, "created_at" datetime NOT NULL, "updated_at" datetime NOT NULL)[0m
  [1m[36mActiveRecord::SchemaMigration Load (0.0ms)[0m  [1m[34mSELECT "schema_migrations".* FROM "schema_migrations"[0m
Migrating to CreateMovies (20170124223626)
  [1m[35m (0.0ms)[0m  [1m[36mbegin transaction[0m
  [1m[35m (0.0ms)[0m  [1m[35mCREATE TABLE "movies" ("id" INTEGER PRIMARY KEY AUTOINCREMENT NOT NULL, "title" varchar, "description" text, "release_date" datetime, "created_at" datetime NOT NULL, "updated_at" datetime NOT NULL)[0m
  [1m[35mSQL (0.0ms)[0m  [1m[32mINSERT INTO "schema_migrations" ("version") VALUES (?)[0m  [["version", "20170124223626"]]
  [1m[35m (0.0ms)[0m  [1m[36mcommit transaction[0m
  [1m[36mActiveRecord::InternalMetadata Load (0.0ms)[0m  [1m[34mSELECT  "ar_internal_metadata".* FROM "ar_internal_metadata" WHERE "ar_internal_metadata"."key" = ? LIMIT ?[0m  [["key", :environment], ["LIMIT", 1]]
  [1m[35m (0.0ms)[0m  [1m[36mbegin transaction[0m
  [1m[35mSQL (0.0ms)[0m  [1m[32mINSERT INTO "ar_internal_metadata" ("key", "value", "created_at", "updated_at") VALUES (?, ?, ?, ?)[0m  [["key", "environment"], ["value", "development"], ["created_at", 2017-01-24 22:42:03 UTC], ["updated_at", 2017-01-24 22:42:03 UTC]]
  [1m[35m (0.0ms)[0m  [1m[36mcommit transaction[0m
  [1m[36mActiveRecord::SchemaMigration Load (15.6ms)[0m  [1m[34mSELECT "schema_migrations".* FROM "schema_migrations"[0m
  [1m[35m (0.0ms)[0m  [1m[36mbegin transaction[0m
  [1m[35mSQL (0.0ms)[0m  [1m[32mINSERT INTO "movies" ("title", "release_date", "created_at", "updated_at") VALUES (?, ?, ?, ?)[0m  [["title", "Star Wars"], ["release_date", 1977-04-25 00:00:00 UTC], ["created_at", 2017-01-24 22:54:39 UTC], ["updated_at", 2017-01-24 22:54:39 UTC]]
  [1m[35m (15.6ms)[0m  [1m[36mcommit transaction[0m
  [1m[35m (0.0ms)[0m  [1m[36mbegin transaction[0m
  [1m[35mSQL (0.0ms)[0m  [1m[32mINSERT INTO "movies" ("title", "release_date", "created_at", "updated_at") VALUES (?, ?, ?, ?)[0m  [["title", "Avatar"], ["release_date", 2009-12-10 00:00:00 UTC], ["created_at", 2017-01-24 22:55:28 UTC], ["updated_at", 2017-01-24 22:55:28 UTC]]
  [1m[35m (15.6ms)[0m  [1m[36mcommit transaction[0m
  [1m[35m (0.0ms)[0m  [1m[36mbegin transaction[0m
  [1m[35mSQL (0.0ms)[0m  [1m[32mINSERT INTO "movies" ("title", "created_at", "updated_at") VALUES (?, ?, ?)[0m  [["title", "Requiem for a Dream"], ["created_at", 2017-01-24 23:03:08 UTC], ["updated_at", 2017-01-24 23:03:08 UTC]]
  [1m[35m (15.6ms)[0m  [1m[36mcommit transaction[0m
  [1m[35m (0.0ms)[0m  [1m[36mbegin transaction[0m
  [1m[35mSQL (0.0ms)[0m  [1m[33mUPDATE "movies" SET "release_date" = ?, "updated_at" = ? WHERE "movies"."id" = ?[0m  [["release_date", 2012-04-30 00:00:00 UTC], ["updated_at", 2017-01-24 23:04:43 UTC], ["id", 3]]
  [1m[35m (15.6ms)[0m  [1m[36mcommit transaction[0m
  [1m[36mMovie Load (0.0ms)[0m  [1m[34mSELECT "movies".* FROM "movies" WHERE "movies"."title" = ?[0m  [["title", "Avatar"]]
  [1m[36mMovie Load (0.0ms)[0m  [1m[34mSELECT "movies".* FROM "movies" WHERE (release_date > '2010-10-10')[0m
  [1m[36mMovie Load (0.0ms)[0m  [1m[34mSELECT "movies".* FROM "movies" WHERE (release_date < '2010-10-10')[0m
  [1m[36mMovie Load (0.0ms)[0m  [1m[34mSELECT  "movies".* FROM "movies" WHERE "movies"."id" = ? LIMIT ?[0m  [["id", 2], ["LIMIT", 1]]
  [1m[36mMovie Load (0.0ms)[0m  [1m[34mSELECT  "movies".* FROM "movies" WHERE "movies"."title" = ? LIMIT ?[0m  [["title", "Star Wars"], ["LIMIT", 1]]
  [1m[36mMovie Load (0.0ms)[0m  [1m[34mSELECT  "movies".* FROM "movies" WHERE "movies"."title" = ? LIMIT ?[0m  [["title", "whatever"], ["LIMIT", 1]]
  [1m[36mMovie Load (0.0ms)[0m  [1m[34mSELECT "movies".* FROM "movies"[0m
  [1m[36mMovie Load (0.0ms)[0m  [1m[34mSELECT "movies".* FROM "movies"[0m
  [1m[36mMovie Load (0.0ms)[0m  [1m[34mSELECT  "movies".* FROM "movies" WHERE "movies"."id" = ? LIMIT ?[0m  [["id", 1], ["LIMIT", 1]]
  [1m[35m (0.0ms)[0m  [1m[36mbegin transaction[0m
  [1m[35mSQL (0.0ms)[0m  [1m[33mUPDATE "movies" SET "description" = ?, "updated_at" = ? WHERE "movies"."id" = ?[0m  [["description", "A space western"], ["updated_at", 2017-01-24 23:22:18 UTC], ["id", 1]]
  [1m[35m (0.0ms)[0m  [1m[36mcommit transaction[0m
  [1m[35m (0.0ms)[0m  [1m[36mbegin transaction[0m
  [1m[35mSQL (0.0ms)[0m  [1m[31mDELETE FROM "movies" WHERE "movies"."id" = ?[0m  [["id", 1]]
  [1m[35m (0.0ms)[0m  [1m[36mcommit transaction[0m
  [1m[36mActiveRecord::SchemaMigration Load (0.0ms)[0m  [1m[34mSELECT "schema_migrations".* FROM "schema_migrations"[0m
  [1m[36mActiveRecord::SchemaMigration Load (0.0ms)[0m  [1m[34mSELECT "schema_migrations".* FROM "schema_migrations"[0m
  [1m[36mActiveRecord::SchemaMigration Load (0.0ms)[0m  [1m[34mSELECT "schema_migrations".* FROM "schema_migrations"[0m
  [1m[36mActiveRecord::SchemaMigration Load (0.0ms)[0m  [1m[34mSELECT "schema_migrations".* FROM "schema_migrations"[0m
  [1m[35m (0.0ms)[0m  [1m[36mbegin transaction[0m
  [1m[35mSQL (15.6ms)[0m  [1m[32mINSERT INTO "movies" ("title", "release_date", "created_at", "updated_at") VALUES (?, ?, ?, ?)[0m  [["title", "Alladin"], ["release_date", 1992-11-25 00:00:00 UTC], ["created_at", 2017-01-24 23:41:00 UTC], ["updated_at", 2017-01-24 23:41:00 UTC]]
  [1m[35m (0.0ms)[0m  [1m[36mcommit transaction[0m
  [1m[35m (0.0ms)[0m  [1m[36mbegin transaction[0m
  [1m[35mSQL (0.0ms)[0m  [1m[32mINSERT INTO "movies" ("title", "release_date", "created_at", "updated_at") VALUES (?, ?, ?, ?)[0m  [["title", "When Harry Met Sally"], ["release_date", 1989-07-21 00:00:00 UTC], ["created_at", 2017-01-24 23:41:00 UTC], ["updated_at", 2017-01-24 23:41:00 UTC]]
  [1m[35m (0.0ms)[0m  [1m[36mcommit transaction[0m
  [1m[35m (0.0ms)[0m  [1m[36mbegin transaction[0m
  [1m[35mSQL (0.0ms)[0m  [1m[32mINSERT INTO "movies" ("title", "release_date", "created_at", "updated_at") VALUES (?, ?, ?, ?)[0m  [["title", "The Help"], ["release_date", 2011-08-10 00:00:00 UTC], ["created_at", 2017-01-24 23:41:00 UTC], ["updated_at", 2017-01-24 23:41:00 UTC]]
  [1m[35m (15.6ms)[0m  [1m[36mcommit transaction[0m
  [1m[35m (0.0ms)[0m  [1m[36mbegin transaction[0m
  [1m[35mSQL (0.0ms)[0m  [1m[32mINSERT INTO "movies" ("title", "release_date", "created_at", "updated_at") VALUES (?, ?, ?, ?)[0m  [["title", "Raiders of the Lost Ark"], ["release_date", 1981-06-12 00:00:00 UTC], ["created_at", 2017-01-24 23:41:00 UTC], ["updated_at", 2017-01-24 23:41:00 UTC]]
  [1m[35m (0.0ms)[0m  [1m[36mcommit transaction[0m
  [1m[36mActiveRecord::SchemaMigration Load (0.0ms)[0m  [1m[34mSELECT "schema_migrations".* FROM "schema_migrations"[0m
  [1m[36mActiveRecord::InternalMetadata Load (0.0ms)[0m  [1m[34mSELECT  "ar_internal_metadata".* FROM "ar_internal_metadata" WHERE "ar_internal_metadata"."key" = ? LIMIT ?[0m  [["key", :environment], ["LIMIT", 1]]
  [1m[35m (0.0ms)[0m  [1m[36mbegin transaction[0m
  [1m[35m (0.0ms)[0m  [1m[36mcommit transaction[0m
  [1m[36mActiveRecord::SchemaMigration Load (0.0ms)[0m  [1m[34mSELECT "schema_migrations".* FROM "schema_migrations"[0m
  [1m[36mActiveRecord::SchemaMigration Load (0.0ms)[0m  [1m[34mSELECT "schema_migrations".* FROM "schema_migrations"[0m
  [1m[36mActiveRecord::InternalMetadata Load (0.0ms)[0m  [1m[34mSELECT  "ar_internal_metadata".* FROM "ar_internal_metadata" WHERE "ar_internal_metadata"."key" = ? LIMIT ?[0m  [["key", :environment], ["LIMIT", 1]]
  [1m[35m (0.0ms)[0m  [1m[36mbegin transaction[0m
  [1m[35m (0.0ms)[0m  [1m[36mcommit transaction[0m
  [1m[36mActiveRecord::SchemaMigration Load (0.0ms)[0m  [1m[34mSELECT "schema_migrations".* FROM "schema_migrations"[0m
  [1m[36mActiveRecord::SchemaMigration Load (0.0ms)[0m  [1m[34mSELECT "schema_migrations".* FROM "schema_migrations"[0m
Migrating to CreateProfessionals (20170126211108)
  [1m[35m (0.0ms)[0m  [1m[36mbegin transaction[0m
  [1m[35m (0.0ms)[0m  [1m[35mCREATE TABLE "professionals" ("id" INTEGER PRIMARY KEY AUTOINCREMENT NOT NULL, "name" varchar, "birthdate" datetime, "gender" varchar, "country" varchar, "type" varchar, "created_at" datetime NOT NULL, "updated_at" datetime NOT NULL)[0m
  [1m[35mSQL (0.0ms)[0m  [1m[32mINSERT INTO "schema_migrations" ("version") VALUES (?)[0m  [["version", "20170126211108"]]
  [1m[35m (0.0ms)[0m  [1m[36mcommit transaction[0m
  [1m[36mActiveRecord::InternalMetadata Load (0.0ms)[0m  [1m[34mSELECT  "ar_internal_metadata".* FROM "ar_internal_metadata" WHERE "ar_internal_metadata"."key" = ? LIMIT ?[0m  [["key", :environment], ["LIMIT", 1]]
  [1m[35m (0.0ms)[0m  [1m[36mbegin transaction[0m
  [1m[35m (0.0ms)[0m  [1m[36mcommit transaction[0m
  [1m[36mActiveRecord::SchemaMigration Load (0.0ms)[0m  [1m[34mSELECT "schema_migrations".* FROM "schema_migrations"[0m
  [1m[35m (0.5ms)[0m  [1m[36mbegin transaction[0m
  [1m[35mSQL (2.5ms)[0m  [1m[32mINSERT INTO "professionals" ("name", "gender", "type", "created_at", "updated_at") VALUES (?, ?, ?, ?, ?)[0m  [["name", "Angelina Jolie"], ["gender", "female"], ["type", "Actor"], ["created_at", 2017-01-26 21:17:54 UTC], ["updated_at", 2017-01-26 21:17:54 UTC]]
  [1m[35m (6.0ms)[0m  [1m[36mcommit transaction[0m
  [1m[35m (0.5ms)[0m  [1m[36mbegin transaction[0m
  [1m[35mSQL (4.0ms)[0m  [1m[32mINSERT INTO "professionals" ("name", "gender", "type", "created_at", "updated_at") VALUES (?, ?, ?, ?, ?)[0m  [["name", "Will Smith"], ["gender", "male"], ["type", "Actor"], ["created_at", 2017-01-26 21:18:43 UTC], ["updated_at", 2017-01-26 21:18:43 UTC]]
  [1m[35m (7.5ms)[0m  [1m[36mcommit transaction[0m
  [1m[35m (0.0ms)[0m  [1m[36mbegin transaction[0m
  [1m[35mSQL (1.5ms)[0m  [1m[32mINSERT INTO "professionals" ("name", "gender", "type", "created_at", "updated_at") VALUES (?, ?, ?, ?, ?)[0m  [["name", "Quentin Tarantino"], ["gender", "male"], ["type", "Director"], ["created_at", 2017-01-26 21:23:14 UTC], ["updated_at", 2017-01-26 21:23:14 UTC]]
  [1m[35m (10.0ms)[0m  [1m[36mcommit transaction[0m
  [1m[35m (0.0ms)[0m  [1m[34mSELECT COUNT(*) FROM "professionals" WHERE "professionals"."type" IN ('Actor')[0m
  [1m[35m (0.5ms)[0m  [1m[34mSELECT COUNT(*) FROM "professionals" WHERE "professionals"."type" IN ('Director')[0m
  [1m[35m (0.5ms)[0m  [1m[34mSELECT COUNT(*) FROM "professionals"[0m
  [1m[36mProfessional Load (0.5ms)[0m  [1m[34mSELECT "professionals".* FROM "professionals" WHERE "professionals"."gender" = ?[0m  [["gender", "male"]]
  [1m[36mActor Load (0.5ms)[0m  [1m[34mSELECT "professionals".* FROM "professionals" WHERE "professionals"."type" IN ('Actor') AND "professionals"."gender" = ?[0m  [["gender", "male"]]
  [1m[36mActiveRecord::SchemaMigration Load (0.0ms)[0m  [1m[34mSELECT "schema_migrations".* FROM "schema_migrations"[0m
  [1m[35m (0.5ms)[0m  [1m[34mSELECT "ar_internal_metadata"."value" FROM "ar_internal_metadata" WHERE "ar_internal_metadata"."key" = ?[0m  [["key", :environment]]
  [1m[36mActiveRecord::SchemaMigration Load (0.0ms)[0m  [1m[34mSELECT "schema_migrations".* FROM "schema_migrations"[0m
  [1m[35m (0.0ms)[0m  [1m[34mSELECT "ar_internal_metadata"."value" FROM "ar_internal_metadata" WHERE "ar_internal_metadata"."key" = ?[0m  [["key", :environment]]
  [1m[36mActiveRecord::SchemaMigration Load (0.0ms)[0m  [1m[34mSELECT "schema_migrations".* FROM "schema_migrations"[0m
  [1m[35m (0.5ms)[0m  [1m[34mSELECT "ar_internal_metadata"."value" FROM "ar_internal_metadata" WHERE "ar_internal_metadata"."key" = ?[0m  [["key", :environment]]
  [1m[36mActiveRecord::SchemaMigration Load (0.0ms)[0m  [1m[34mSELECT "schema_migrations".* FROM "schema_migrations"[0m
  [1m[35m (0.5ms)[0m  [1m[34mSELECT "ar_internal_metadata"."value" FROM "ar_internal_metadata" WHERE "ar_internal_metadata"."key" = ?[0m  [["key", :environment]]
  [1m[36mActiveRecord::SchemaMigration Load (0.5ms)[0m  [1m[34mSELECT "schema_migrations".* FROM "schema_migrations"[0m
  [1m[35m (0.5ms)[0m  [1m[34mSELECT "ar_internal_metadata"."value" FROM "ar_internal_metadata" WHERE "ar_internal_metadata"."key" = ?[0m  [["key", :environment]]
  [1m[36mActiveRecord::SchemaMigration Load (0.0ms)[0m  [1m[34mSELECT "schema_migrations".* FROM "schema_migrations"[0m
  [1m[35m (0.0ms)[0m  [1m[34mSELECT "ar_internal_metadata"."value" FROM "ar_internal_metadata" WHERE "ar_internal_metadata"."key" = ?[0m  [["key", :environment]]
  [1m[36mActiveRecord::SchemaMigration Load (0.5ms)[0m  [1m[34mSELECT "schema_migrations".* FROM "schema_migrations"[0m
  [1m[35m (0.0ms)[0m  [1m[34mSELECT "ar_internal_metadata"."value" FROM "ar_internal_metadata" WHERE "ar_internal_metadata"."key" = ?[0m  [["key", :environment]]
  [1m[36mActiveRecord::SchemaMigration Load (0.5ms)[0m  [1m[34mSELECT "schema_migrations".* FROM "schema_migrations"[0m
  [1m[35m (0.5ms)[0m  [1m[34mSELECT "ar_internal_metadata"."value" FROM "ar_internal_metadata" WHERE "ar_internal_metadata"."key" = ?[0m  [["key", :environment]]
  [1m[36mActiveRecord::SchemaMigration Load (0.0ms)[0m  [1m[34mSELECT "schema_migrations".* FROM "schema_migrations"[0m
  [1m[35m (0.5ms)[0m  [1m[34mSELECT "ar_internal_metadata"."value" FROM "ar_internal_metadata" WHERE "ar_internal_metadata"."key" = ?[0m  [["key", :environment]]
  [1m[36mActiveRecord::SchemaMigration Load (0.5ms)[0m  [1m[34mSELECT "schema_migrations".* FROM "schema_migrations"[0m
  [1m[36mActiveRecord::InternalMetadata Load (0.0ms)[0m  [1m[34mSELECT  "ar_internal_metadata".* FROM "ar_internal_metadata" WHERE "ar_internal_metadata"."key" = ? LIMIT ?[0m  [["key", :environment], ["LIMIT", 1]]
  [1m[35m (0.0ms)[0m  [1m[36mbegin transaction[0m
  [1m[35m (0.0ms)[0m  [1m[36mcommit transaction[0m
  [1m[36mActiveRecord::SchemaMigration Load (0.0ms)[0m  [1m[34mSELECT "schema_migrations".* FROM "schema_migrations"[0m
  [1m[36mActiveRecord::SchemaMigration Load (0.5ms)[0m  [1m[34mSELECT "schema_migrations".* FROM "schema_migrations"[0m
  [1m[36mActiveRecord::SchemaMigration Load (0.5ms)[0m  [1m[34mSELECT "schema_migrations".* FROM "schema_migrations"[0m
  [1m[36mActiveRecord::InternalMetadata Load (0.0ms)[0m  [1m[34mSELECT  "ar_internal_metadata".* FROM "ar_internal_metadata" WHERE "ar_internal_metadata"."key" = ? LIMIT ?[0m  [["key", :environment], ["LIMIT", 1]]
  [1m[35m (0.5ms)[0m  [1m[36mbegin transaction[0m
  [1m[35m (0.0ms)[0m  [1m[36mcommit transaction[0m
  [1m[36mActiveRecord::SchemaMigration Load (0.0ms)[0m  [1m[34mSELECT "schema_migrations".* FROM "schema_migrations"[0m
  [1m[36mActiveRecord::SchemaMigration Load (0.5ms)[0m  [1m[34mSELECT "schema_migrations".* FROM "schema_migrations"[0m
  [1m[35m (0.0ms)[0m  [1m[36mbegin transaction[0m
  [1m[35mSQL (1.0ms)[0m  [1m[32mINSERT INTO "professionals" ("name", "gender", "type", "created_at", "updated_at") VALUES (?, ?, ?, ?, ?)[0m  [["name", "Angelina Jolie"], ["gender", "female"], ["type", "Actor"], ["created_at", 2017-01-26 21:36:41 UTC], ["updated_at", 2017-01-26 21:36:41 UTC]]
  [1m[35m (2.5ms)[0m  [1m[36mcommit transaction[0m
  [1m[35m (0.0ms)[0m  [1m[36mbegin transaction[0m
  [1m[35mSQL (1.0ms)[0m  [1m[32mINSERT INTO "professionals" ("name", "gender", "type", "created_at", "updated_at") VALUES (?, ?, ?, ?, ?)[0m  [["name", "Will Smith"], ["gender", "male"], ["type", "Actor"], ["created_at", 2017-01-26 21:36:41 UTC], ["updated_at", 2017-01-26 21:36:41 UTC]]
  [1m[35m (3.0ms)[0m  [1m[36mcommit transaction[0m
  [1m[35m (0.0ms)[0m  [1m[36mbegin transaction[0m
  [1m[35mSQL (1.0ms)[0m  [1m[32mINSERT INTO "professionals" ("name", "gender", "type", "created_at", "updated_at") VALUES (?, ?, ?, ?, ?)[0m  [["name", "Margot Robbie"], ["gender", "female"], ["type", "Actor"], ["created_at", 2017-01-26 21:36:41 UTC], ["updated_at", 2017-01-26 21:36:41 UTC]]
  [1m[35m (2.5ms)[0m  [1m[36mcommit transaction[0m
  [1m[35m (0.0ms)[0m  [1m[36mbegin transaction[0m
  [1m[35mSQL (1.0ms)[0m  [1m[32mINSERT INTO "professionals" ("name", "gender", "type", "created_at", "updated_at") VALUES (?, ?, ?, ?, ?)[0m  [["name", "Quentin Tarantino"], ["gender", "male"], ["type", "Director"], ["created_at", 2017-01-26 21:36:41 UTC], ["updated_at", 2017-01-26 21:36:41 UTC]]
  [1m[35m (2.5ms)[0m  [1m[36mcommit transaction[0m
  [1m[35m (0.0ms)[0m  [1m[36mbegin transaction[0m
  [1m[35mSQL (0.5ms)[0m  [1m[32mINSERT INTO "professionals" ("name", "gender", "type", "created_at", "updated_at") VALUES (?, ?, ?, ?, ?)[0m  [["name", "Mel Gibson"], ["gender", "male"], ["type", "Director"], ["created_at", 2017-01-26 21:36:41 UTC], ["updated_at", 2017-01-26 21:36:41 UTC]]
  [1m[35m (2.5ms)[0m  [1m[36mcommit transaction[0m
  [1m[35m (0.0ms)[0m  [1m[36mbegin transaction[0m
  [1m[35mSQL (1.0ms)[0m  [1m[32mINSERT INTO "movies" ("title", "release_date", "created_at", "updated_at") VALUES (?, ?, ?, ?)[0m  [["title", "Alladin"], ["release_date", 1992-11-25 00:00:00 UTC], ["created_at", 2017-01-26 21:36:41 UTC], ["updated_at", 2017-01-26 21:36:41 UTC]]
  [1m[35m (2.5ms)[0m  [1m[36mcommit transaction[0m
  [1m[35m (0.0ms)[0m  [1m[36mbegin transaction[0m
  [1m[35mSQL (1.0ms)[0m  [1m[32mINSERT INTO "movies" ("title", "release_date", "created_at", "updated_at") VALUES (?, ?, ?, ?)[0m  [["title", "When Harry Met Sally"], ["release_date", 1989-07-21 00:00:00 UTC], ["created_at", 2017-01-26 21:36:41 UTC], ["updated_at", 2017-01-26 21:36:41 UTC]]
  [1m[35m (2.5ms)[0m  [1m[36mcommit transaction[0m
  [1m[35m (0.0ms)[0m  [1m[36mbegin transaction[0m
  [1m[35mSQL (0.5ms)[0m  [1m[32mINSERT INTO "movies" ("title", "release_date", "created_at", "updated_at") VALUES (?, ?, ?, ?)[0m  [["title", "The Help"], ["release_date", 2011-08-10 00:00:00 UTC], ["created_at", 2017-01-26 21:36:41 UTC], ["updated_at", 2017-01-26 21:36:41 UTC]]
  [1m[35m (2.5ms)[0m  [1m[36mcommit transaction[0m
  [1m[35m (0.0ms)[0m  [1m[36mbegin transaction[0m
  [1m[35mSQL (1.0ms)[0m  [1m[32mINSERT INTO "movies" ("title", "release_date", "created_at", "updated_at") VALUES (?, ?, ?, ?)[0m  [["title", "Raiders of the Lost Ark"], ["release_date", 1981-06-12 00:00:00 UTC], ["created_at", 2017-01-26 21:36:41 UTC], ["updated_at", 2017-01-26 21:36:41 UTC]]
  [1m[35m (3.5ms)[0m  [1m[36mcommit transaction[0m
  [1m[36mActiveRecord::SchemaMigration Load (0.5ms)[0m  [1m[34mSELECT "schema_migrations".* FROM "schema_migrations"[0m
  [1m[35m (0.5ms)[0m  [1m[34mSELECT "ar_internal_metadata"."value" FROM "ar_internal_metadata" WHERE "ar_internal_metadata"."key" = ?[0m  [["key", :environment]]
  [1m[36mActiveRecord::SchemaMigration Load (0.5ms)[0m  [1m[34mSELECT "schema_migrations".* FROM "schema_migrations"[0m
  [1m[35m (0.5ms)[0m  [1m[34mSELECT "ar_internal_metadata"."value" FROM "ar_internal_metadata" WHERE "ar_internal_metadata"."key" = ?[0m  [["key", :environment]]
  [1m[36mActiveRecord::SchemaMigration Load (0.5ms)[0m  [1m[34mSELECT "schema_migrations".* FROM "schema_migrations"[0m
  [1m[35m (0.0ms)[0m  [1m[34mSELECT "ar_internal_metadata"."value" FROM "ar_internal_metadata" WHERE "ar_internal_metadata"."key" = ?[0m  [["key", :environment]]
  [1m[35m (6.0ms)[0m  [1m[35mCREATE TABLE "schema_migrations" ("version" varchar NOT NULL PRIMARY KEY)[0m
  [1m[35m (3.5ms)[0m  [1m[35mCREATE TABLE "ar_internal_metadata" ("key" varchar NOT NULL PRIMARY KEY, "value" varchar, "created_at" datetime NOT NULL, "updated_at" datetime NOT NULL)[0m
  [1m[36mActiveRecord::SchemaMigration Load (0.5ms)[0m  [1m[34mSELECT "schema_migrations".* FROM "schema_migrations"[0m
Migrating to CreateMovies (20170124223626)
  [1m[35m (0.0ms)[0m  [1m[36mbegin transaction[0m
  [1m[35m (1.0ms)[0m  [1m[35mCREATE TABLE "movies" ("id" INTEGER PRIMARY KEY AUTOINCREMENT NOT NULL, "title" varchar, "description" text, "release_date" datetime, "created_at" datetime NOT NULL, "updated_at" datetime NOT NULL)[0m
  [1m[35mSQL (0.5ms)[0m  [1m[32mINSERT INTO "schema_migrations" ("version") VALUES (?)[0m  [["version", "20170124223626"]]
  [1m[35m (3.0ms)[0m  [1m[36mcommit transaction[0m
Migrating to CreateProfessionals (20170126211108)
  [1m[35m (0.0ms)[0m  [1m[36mbegin transaction[0m
  [1m[35m (1.0ms)[0m  [1m[35mCREATE TABLE "professionals" ("id" INTEGER PRIMARY KEY AUTOINCREMENT NOT NULL, "name" varchar, "birthdate" datetime, "gender" varchar, "country" varchar, "type" varchar, "created_at" datetime NOT NULL, "updated_at" datetime NOT NULL)[0m
  [1m[35mSQL (0.0ms)[0m  [1m[32mINSERT INTO "schema_migrations" ("version") VALUES (?)[0m  [["version", "20170126211108"]]
  [1m[35m (3.0ms)[0m  [1m[36mcommit transaction[0m
  [1m[36mActiveRecord::InternalMetadata Load (0.0ms)[0m  [1m[34mSELECT  "ar_internal_metadata".* FROM "ar_internal_metadata" WHERE "ar_internal_metadata"."key" = ? LIMIT ?[0m  [["key", :environment], ["LIMIT", 1]]
  [1m[35m (0.0ms)[0m  [1m[36mbegin transaction[0m
  [1m[35mSQL (1.0ms)[0m  [1m[32mINSERT INTO "ar_internal_metadata" ("key", "value", "created_at", "updated_at") VALUES (?, ?, ?, ?)[0m  [["key", "environment"], ["value", "development"], ["created_at", 2017-01-26 21:40:06 UTC], ["updated_at", 2017-01-26 21:40:06 UTC]]
  [1m[35m (3.0ms)[0m  [1m[36mcommit transaction[0m
  [1m[36mActiveRecord::SchemaMigration Load (0.5ms)[0m  [1m[34mSELECT "schema_migrations".* FROM "schema_migrations"[0m
  [1m[36mActiveRecord::SchemaMigration Load (0.0ms)[0m  [1m[34mSELECT "schema_migrations".* FROM "schema_migrations"[0m
  [1m[35m (0.0ms)[0m  [1m[36mbegin transaction[0m
  [1m[35mSQL (1.5ms)[0m  [1m[32mINSERT INTO "professionals" ("name", "gender", "type", "created_at", "updated_at") VALUES (?, ?, ?, ?, ?)[0m  [["name", "Angelina Jolie"], ["gender", "female"], ["type", "Actor"], ["created_at", 2017-01-26 21:40:06 UTC], ["updated_at", 2017-01-26 21:40:06 UTC]]
  [1m[35m (3.0ms)[0m  [1m[36mcommit transaction[0m
  [1m[35m (0.0ms)[0m  [1m[36mbegin transaction[0m
  [1m[35mSQL (1.0ms)[0m  [1m[32mINSERT INTO "professionals" ("name", "gender", "type", "created_at", "updated_at") VALUES (?, ?, ?, ?, ?)[0m  [["name", "Will Smith"], ["gender", "male"], ["type", "Actor"], ["created_at", 2017-01-26 21:40:06 UTC], ["updated_at", 2017-01-26 21:40:06 UTC]]
  [1m[35m (3.0ms)[0m  [1m[36mcommit transaction[0m
  [1m[35m (0.0ms)[0m  [1m[36mbegin transaction[0m
  [1m[35mSQL (1.0ms)[0m  [1m[32mINSERT INTO "professionals" ("name", "gender", "type", "created_at", "updated_at") VALUES (?, ?, ?, ?, ?)[0m  [["name", "Margot Robbie"], ["gender", "female"], ["type", "Actor"], ["created_at", 2017-01-26 21:40:06 UTC], ["updated_at", 2017-01-26 21:40:06 UTC]]
  [1m[35m (2.0ms)[0m  [1m[36mcommit transaction[0m
  [1m[35m (0.0ms)[0m  [1m[36mbegin transaction[0m
  [1m[35mSQL (1.0ms)[0m  [1m[32mINSERT INTO "professionals" ("name", "gender", "type", "created_at", "updated_at") VALUES (?, ?, ?, ?, ?)[0m  [["name", "Quentin Tarantino"], ["gender", "male"], ["type", "Director"], ["created_at", 2017-01-26 21:40:06 UTC], ["updated_at", 2017-01-26 21:40:06 UTC]]
  [1m[35m (2.5ms)[0m  [1m[36mcommit transaction[0m
  [1m[35m (0.5ms)[0m  [1m[36mbegin transaction[0m
  [1m[35mSQL (0.5ms)[0m  [1m[32mINSERT INTO "professionals" ("name", "gender", "type", "created_at", "updated_at") VALUES (?, ?, ?, ?, ?)[0m  [["name", "Mel Gibson"], ["gender", "male"], ["type", "Director"], ["created_at", 2017-01-26 21:40:06 UTC], ["updated_at", 2017-01-26 21:40:06 UTC]]
  [1m[35m (2.0ms)[0m  [1m[36mcommit transaction[0m
  [1m[35m (0.0ms)[0m  [1m[36mbegin transaction[0m
  [1m[35mSQL (1.0ms)[0m  [1m[32mINSERT INTO "movies" ("title", "release_date", "created_at", "updated_at") VALUES (?, ?, ?, ?)[0m  [["title", "Alladin"], ["release_date", 1992-11-25 00:00:00 UTC], ["created_at", 2017-01-26 21:40:06 UTC], ["updated_at", 2017-01-26 21:40:06 UTC]]
  [1m[35m (3.5ms)[0m  [1m[36mcommit transaction[0m
  [1m[35m (0.0ms)[0m  [1m[36mbegin transaction[0m
  [1m[35mSQL (1.0ms)[0m  [1m[32mINSERT INTO "movies" ("title", "release_date", "created_at", "updated_at") VALUES (?, ?, ?, ?)[0m  [["title", "When Harry Met Sally"], ["release_date", 1989-07-21 00:00:00 UTC], ["created_at", 2017-01-26 21:40:06 UTC], ["updated_at", 2017-01-26 21:40:06 UTC]]
  [1m[35m (2.5ms)[0m  [1m[36mcommit transaction[0m
  [1m[35m (0.0ms)[0m  [1m[36mbegin transaction[0m
  [1m[35mSQL (1.0ms)[0m  [1m[32mINSERT INTO "movies" ("title", "release_date", "created_at", "updated_at") VALUES (?, ?, ?, ?)[0m  [["title", "The Help"], ["release_date", 2011-08-10 00:00:00 UTC], ["created_at", 2017-01-26 21:40:06 UTC], ["updated_at", 2017-01-26 21:40:06 UTC]]
  [1m[35m (2.0ms)[0m  [1m[36mcommit transaction[0m
  [1m[35m (0.0ms)[0m  [1m[36mbegin transaction[0m
  [1m[35mSQL (1.0ms)[0m  [1m[32mINSERT INTO "movies" ("title", "release_date", "created_at", "updated_at") VALUES (?, ?, ?, ?)[0m  [["title", "Raiders of the Lost Ark"], ["release_date", 1981-06-12 00:00:00 UTC], ["created_at", 2017-01-26 21:40:06 UTC], ["updated_at", 2017-01-26 21:40:06 UTC]]
  [1m[35m (2.5ms)[0m  [1m[36mcommit transaction[0m
